Using pre-set license
Built from '2020.3/release' branch; Version is '2020.3.2f1 (8fd9074bf66c) revision 9427207'; Using compiler version '192528614'; Build Type 'Release'
OS: 'Windows 10 Pro; OS build 19042.804; Version 2009; 64bit' Language: 'de' Physical Memory: 32689 MB
BatchMode: 1, IsHumanControllingUs: 0, StartBugReporterOnCrash: 0, Is64bit: 1, IsPro: 0

 COMMAND LINE ARGUMENTS:
C:\Program Files\Unity\Hub\Editor\2020.3.2f1\Editor\Unity.exe
-adb2
-batchMode
-noUpm
-name
AssetImportWorker0
-projectPath
C:/Users/mattb/Planets
-logFile
Logs/AssetImportWorker0.log
-srvPort
59107
Successfully changed project path to: C:/Users/mattb/Planets
C:/Users/mattb/Planets
Using Asset Import Pipeline V2.
Refreshing native plugins compatible for Editor in 16.63 ms, found 0 plugins.
Preloading 0 native plugins for Editor in 0.00 ms.
Initialize engine version: 2020.3.2f1 (8fd9074bf66c)
[Subsystems] Discovering subsystems at path C:/Program Files/Unity/Hub/Editor/2020.3.2f1/Editor/Data/Resources/UnitySubsystems
[Subsystems] Discovering subsystems at path C:/Users/mattb/Planets/Assets
GfxDevice: creating device client; threaded=0
Direct3D:
    Version:  Direct3D 11.0 [level 11.1]
    Renderer: NVIDIA GeForce RTX 3060 Ti (ID=0x2486)
    Vendor:   
    VRAM:     8050 MB
    Driver:   27.21.14.6589
Initialize mono
Mono path[0] = 'C:/Program Files/Unity/Hub/Editor/2020.3.2f1/Editor/Data/Managed'
Mono path[1] = 'C:/Program Files/Unity/Hub/Editor/2020.3.2f1/Editor/Data/MonoBleedingEdge/lib/mono/unityjit'
Mono config path = 'C:/Program Files/Unity/Hub/Editor/2020.3.2f1/Editor/Data/MonoBleedingEdge/etc'
Using monoOptions --debugger-agent=transport=dt_socket,embedding=1,server=y,suspend=n,address=127.0.0.1:56320
Begin MonoManager ReloadAssembly
Registering precompiled unity dll's ...
Register platform support module: C:/Program Files/Unity/Hub/Editor/2020.3.2f1/Editor/Data/PlaybackEngines/WindowsStandaloneSupport/UnityEditor.WindowsStandalone.Extensions.dll
Registered in 0.001586 seconds.
Native extension for WindowsStandalone target not found
Refreshing native plugins compatible for Editor in 17.86 ms, found 0 plugins.
Preloading 0 native plugins for Editor in 0.00 ms.
Invoked RoslynAnalysisRunner static constructor.
RoslynAnalysisRunner will not be running.
RoslynAnalysisRunner has terminated.
Mono: successfully reloaded assembly
- Completed reload, in  0.814 seconds
Platform modules already initialized, skipping
Registering precompiled user dll's ...
Registered in 0.000497 seconds.
Begin MonoManager ReloadAssembly
Native extension for WindowsStandalone target not found
Refreshing native plugins compatible for Editor in 0.22 ms, found 0 plugins.
Preloading 0 native plugins for Editor in 0.00 ms.
Invoked RoslynAnalysisRunner static constructor.
RoslynAnalysisRunner will not be running.
RoslynAnalysisRunner has terminated.
Mono: successfully reloaded assembly
- Completed reload, in  0.570 seconds
Platform modules already initialized, skipping
========================================================================
Worker process is ready to serve import requests
Launched and connected shader compiler UnityShaderCompiler.exe after 0.04 seconds
Refreshing native plugins compatible for Editor in 0.42 ms, found 0 plugins.
Preloading 0 native plugins for Editor in 0.00 ms.
Unloading 1118 Unused Serialized files (Serialized files now loaded: 0)
System memory in use before: 57.1 MB.
System memory in use after: 57.1 MB.

Unloading 9 unused Assets to reduce memory usage. Loaded Objects now: 1561.
Total: 1.759400 ms (FindLiveObjects: 0.282900 ms CreateObjectMapping: 0.071100 ms MarkObjects: 1.348200 ms  DeleteObjects: 0.056200 ms)

========================================================================
Received Import Request.
  path: Assets
  artifactKey: Guid(00000000000000001000000000000000) Importer(815301076,1909f56bfc062723c751e8b465ee728b)
Start importing Assets using Guid(00000000000000001000000000000000) Importer(815301076,1909f56bfc062723c751e8b465ee728b)  -> (artifact id: '819a33a9bd799f71faca6db75e8a216c') in 0.007854 seconds
  Import took 0.009566 seconds .

========================================================================
Received Import Request.
  Time since last request: 0.000159 seconds.
  path: Assets/New Material.mat
  artifactKey: Guid(4dbe68045c9747c498543d9ce411a432) Importer(815301076,1909f56bfc062723c751e8b465ee728b)
Start importing Assets/New Material.mat using Guid(4dbe68045c9747c498543d9ce411a432) Importer(815301076,1909f56bfc062723c751e8b465ee728b)  -> (artifact id: '1c7f6c5d3f9e83bd3846305630f9a882') in 0.078658 seconds
  Import took 0.080244 seconds .

========================================================================
Received Import Request.
  Time since last request: 0.000185 seconds.
  path: Assets/Planet.prefab
  artifactKey: Guid(f5e3d8612b0d9d74cb30c05fd02aceee) Importer(815301076,1909f56bfc062723c751e8b465ee728b)
Start importing Assets/Planet.prefab using Guid(f5e3d8612b0d9d74cb30c05fd02aceee) Importer(815301076,1909f56bfc062723c751e8b465ee728b)  -> (artifact id: '831d9bc3ca2e17f6cd0b47980dcbec17') in 0.023200 seconds
  Import took 0.024697 seconds .

========================================================================
Received Import Request.
  Time since last request: 1.661902 seconds.
  path: Assets/New Material.mat
  artifactKey: Guid(4dbe68045c9747c498543d9ce411a432) Importer(815301076,1909f56bfc062723c751e8b465ee728b)
Start importing Assets/New Material.mat using Guid(4dbe68045c9747c498543d9ce411a432) Importer(815301076,1909f56bfc062723c751e8b465ee728b)  -> (artifact id: '1c7f6c5d3f9e83bd3846305630f9a882') in 0.015970 seconds
  Import took 0.017831 seconds .

========================================================================
Received Import Request.
  Time since last request: 0.118476 seconds.
  path: Assets/Scripts
  artifactKey: Guid(36b191b7d5c667841ba176944d9fd68e) Importer(815301076,1909f56bfc062723c751e8b465ee728b)
Start importing Assets/Scripts using Guid(36b191b7d5c667841ba176944d9fd68e) Importer(815301076,1909f56bfc062723c751e8b465ee728b)  -> (artifact id: '5caac62d5e1185dfdfe8e42a9052e298') in 0.006896 seconds
  Import took 0.008734 seconds .

========================================================================
Received Import Request.
  Time since last request: 0.001562 seconds.
  path: Assets/Scripts
  artifactKey: Guid(36b191b7d5c667841ba176944d9fd68e) Importer(815301076,1909f56bfc062723c751e8b465ee728b)
Start importing Assets/Scripts using Guid(36b191b7d5c667841ba176944d9fd68e) Importer(815301076,1909f56bfc062723c751e8b465ee728b)  -> (artifact id: '5caac62d5e1185dfdfe8e42a9052e298') in 0.002452 seconds
  Import took 0.004233 seconds .

========================================================================
Received Import Request.
  Time since last request: 1.168316 seconds.
  path: Assets/Scripts/CalculatePlanetOrbit.cs
  artifactKey: Guid(2c4f765b5b1a3d345b481173fa698fbe) Importer(815301076,1909f56bfc062723c751e8b465ee728b)
Start importing Assets/Scripts/CalculatePlanetOrbit.cs using Guid(2c4f765b5b1a3d345b481173fa698fbe) Importer(815301076,1909f56bfc062723c751e8b465ee728b)  -> (artifact id: 'e9202c1734b24be42192957658c8426d') in 0.008521 seconds
  Import took 0.010282 seconds .

========================================================================
Received Import Request.
  Time since last request: 0.017062 seconds.
  path: Assets/Scripts/CalculatePlanetOrbit.cs
  artifactKey: Guid(2c4f765b5b1a3d345b481173fa698fbe) Importer(815301076,1909f56bfc062723c751e8b465ee728b)
Start importing Assets/Scripts/CalculatePlanetOrbit.cs using Guid(2c4f765b5b1a3d345b481173fa698fbe) Importer(815301076,1909f56bfc062723c751e8b465ee728b)  -> (artifact id: 'e9202c1734b24be42192957658c8426d') in 0.002566 seconds
  Import took 0.004258 seconds .

========================================================================
Received Import Request.
  Time since last request: 2.221629 seconds.
  path: Assets/Scripts/Planet.cs
  artifactKey: Guid(28d0789f18d7fa54abd15e9125c8330a) Importer(815301076,1909f56bfc062723c751e8b465ee728b)
Start importing Assets/Scripts/Planet.cs using Guid(28d0789f18d7fa54abd15e9125c8330a) Importer(815301076,1909f56bfc062723c751e8b465ee728b)  -> (artifact id: '3d040e305914eac6297bc83e71f31cfa') in 0.002629 seconds
  Import took 0.004502 seconds .

========================================================================
Received Import Request.
  Time since last request: 0.000275 seconds.
  path: Assets/Scripts/Planet.cs
  artifactKey: Guid(28d0789f18d7fa54abd15e9125c8330a) Importer(815301076,1909f56bfc062723c751e8b465ee728b)
Start importing Assets/Scripts/Planet.cs using Guid(28d0789f18d7fa54abd15e9125c8330a) Importer(815301076,1909f56bfc062723c751e8b465ee728b)  -> (artifact id: '3d040e305914eac6297bc83e71f31cfa') in 0.002183 seconds
  Import took 0.003784 seconds .

========================================================================
Received Import Request.
  Time since last request: 1.141474 seconds.
  path: Assets/Scripts/Variables.cs
  artifactKey: Guid(2e76d318142fc7e48badeead4e4e8a39) Importer(815301076,1909f56bfc062723c751e8b465ee728b)
Start importing Assets/Scripts/Variables.cs using Guid(2e76d318142fc7e48badeead4e4e8a39) Importer(815301076,1909f56bfc062723c751e8b465ee728b)  -> (artifact id: 'd1bc6abb287a80cc4d760ad3da5e92b7') in 0.006239 seconds
  Import took 0.008150 seconds .

========================================================================
Received Import Request.
  Time since last request: 4.492051 seconds.
  path: Assets/Scripts/Constants.cs
  artifactKey: Guid(f842f6804719bb644a071a8efa4bdf2a) Importer(815301076,1909f56bfc062723c751e8b465ee728b)
Start importing Assets/Scripts/Constants.cs using Guid(f842f6804719bb644a071a8efa4bdf2a) Importer(815301076,1909f56bfc062723c751e8b465ee728b)  -> (artifact id: '771375a4e119fbe6b42a660abe8b06f5') in 0.007107 seconds
  Import took 0.008897 seconds .

AssetImportWorkerClient::OnTransportError - code=2 error=End of file
